#! /usr/local/Cellar/icarus-verilog/10.2_1/bin/vvp
:ivl_version "10.2 (stable)" "(v10_2)";
:ivl_delay_selection "TYPICAL";
:vpi_time_precision + 0;
:vpi_module "system";
:vpi_module "vhdl_sys";
:vpi_module "v2005_math";
:vpi_module "va_math";
S_0x7fe59ae002a0 .scope module, "data_serializer" "data_serializer" 2 1;
 .timescale 0 0;
    .port_info 0 /INPUT 1 "clk"
    .port_info 1 /INPUT 1 "reset"
    .port_info 2 /INPUT 16 "lower_adc_data"
    .port_info 3 /INPUT 16 "upper_adc_data"
    .port_info 4 /INPUT 1 "lower_adc_data_enable"
    .port_info 5 /INPUT 1 "upper_adc_data_enable"
    .port_info 6 /OUTPUT 1 "out_bit"
    .port_info 7 /NODIR 0 "unnamed"
P_0x7fe59ae00400 .param/l "MODE_AFTER_SERIALIZING" 1 2 10, +C4<00000000000000000000000000000100>;
P_0x7fe59ae00440 .param/l "MODE_NOTIFY_CHANNEL" 1 2 8, +C4<00000000000000000000000000000010>;
P_0x7fe59ae00480 .param/l "MODE_NOTIFY_START_SERIALIZING" 1 2 7, +C4<00000000000000000000000000000001>;
P_0x7fe59ae004c0 .param/l "MODE_SERIALIZING" 1 2 9, +C4<00000000000000000000000000000011>;
P_0x7fe59ae00500 .param/l "MODE_WAIT_ADC_DATA_ENABLE_UP" 1 2 6, +C4<00000000000000000000000000000000>;
v0x7fe59ae00890_0 .var "channel", 0 0;
o0x10764e038 .functor BUFZ 1, C4<z>; HiZ drive
v0x7fe59ae10910_0 .net "clk", 0 0, o0x10764e038;  0 drivers
v0x7fe59ae109b0_0 .var "data", 15 0;
v0x7fe59ae10a50_0 .var "data_index", 3 0;
o0x10764e0c8 .functor BUFZ 16, C4<zzzzzzzzzzzzzzzz>; HiZ drive
v0x7fe59ae10b00_0 .net "lower_adc_data", 15 0, o0x10764e0c8;  0 drivers
o0x10764e0f8 .functor BUFZ 1, C4<z>; HiZ drive
v0x7fe59ae10bf0_0 .net "lower_adc_data_enable", 0 0, o0x10764e0f8;  0 drivers
v0x7fe59ae10c90_0 .var "lower_adc_data_next_ready", 0 0;
v0x7fe59ae10d30_0 .var "mode", 2 0;
v0x7fe59ae10de0_0 .var "out_bit", 0 0;
o0x10764e1b8 .functor BUFZ 1, C4<z>; HiZ drive
v0x7fe59ae10ef0_0 .net "reset", 0 0, o0x10764e1b8;  0 drivers
o0x10764e1e8 .functor BUFZ 16, C4<zzzzzzzzzzzzzzzz>; HiZ drive
v0x7fe59ae10f80_0 .net "upper_adc_data", 15 0, o0x10764e1e8;  0 drivers
o0x10764e218 .functor BUFZ 1, C4<z>; HiZ drive
v0x7fe59ae11030_0 .net "upper_adc_data_enable", 0 0, o0x10764e218;  0 drivers
v0x7fe59ae110d0_0 .var "upper_adc_data_next_ready", 0 0;
E_0x7fe59ae00580 .event posedge, v0x7fe59ae10910_0;
    .scope S_0x7fe59ae002a0;
T_0 ;
    %wait E_0x7fe59ae00580;
    %load/vec4 v0x7fe59ae10ef0_0;
    %flag_set/vec4 8;
    %jmp/0xz  T_0.0, 8;
    %pushi/vec4 0, 0, 1;
    %assign/vec4 v0x7fe59ae10de0_0, 0;
    %pushi/vec4 0, 0, 16;
    %assign/vec4 v0x7fe59ae109b0_0, 0;
    %pushi/vec4 0, 0, 4;
    %assign/vec4 v0x7fe59ae10a50_0, 0;
    %pushi/vec4 0, 0, 3;
    %assign/vec4 v0x7fe59ae10d30_0, 0;
    %pushi/vec4 0, 0, 1;
    %assign/vec4 v0x7fe59ae00890_0, 0;
    %pushi/vec4 1, 0, 1;
    %assign/vec4 v0x7fe59ae10c90_0, 0;
    %pushi/vec4 1, 0, 1;
    %assign/vec4 v0x7fe59ae110d0_0, 0;
    %jmp T_0.1;
T_0.0 ;
    %load/vec4 v0x7fe59ae10d30_0;
    %pad/u 32;
    %cmpi/e 0, 0, 32;
    %jmp/0xz  T_0.2, 4;
    %load/vec4 v0x7fe59ae10bf0_0;
    %load/vec4 v0x7fe59ae10c90_0;
    %and;
    %flag_set/vec4 8;
    %load/vec4 v0x7fe59ae11030_0;
    %load/vec4 v0x7fe59ae110d0_0;
    %and;
    %flag_set/vec4 9;
    %flag_or 9, 8;
    %jmp/0xz  T_0.4, 9;
    %pushi/vec4 1, 0, 3;
    %assign/vec4 v0x7fe59ae10d30_0, 0;
    %pushi/vec4 1, 0, 1;
    %assign/vec4 v0x7fe59ae10de0_0, 0;
T_0.4 ;
    %load/vec4 v0x7fe59ae10bf0_0;
    %load/vec4 v0x7fe59ae10c90_0;
    %and;
    %flag_set/vec4 8;
    %jmp/0xz  T_0.6, 8;
    %load/vec4 v0x7fe59ae10b00_0;
    %assign/vec4 v0x7fe59ae109b0_0, 0;
    %pushi/vec4 0, 0, 1;
    %assign/vec4 v0x7fe59ae00890_0, 0;
    %pushi/vec4 0, 0, 1;
    %assign/vec4 v0x7fe59ae10c90_0, 0;
    %jmp T_0.7;
T_0.6 ;
    %load/vec4 v0x7fe59ae11030_0;
    %load/vec4 v0x7fe59ae110d0_0;
    %and;
    %flag_set/vec4 8;
    %jmp/0xz  T_0.8, 8;
    %load/vec4 v0x7fe59ae10f80_0;
    %assign/vec4 v0x7fe59ae109b0_0, 0;
    %pushi/vec4 1, 0, 1;
    %assign/vec4 v0x7fe59ae00890_0, 0;
    %pushi/vec4 0, 0, 1;
    %assign/vec4 v0x7fe59ae110d0_0, 0;
T_0.8 ;
T_0.7 ;
T_0.2 ;
    %load/vec4 v0x7fe59ae10d30_0;
    %pad/u 32;
    %cmpi/e 1, 0, 32;
    %jmp/0xz  T_0.10, 4;
    %load/vec4 v0x7fe59ae00890_0;
    %assign/vec4 v0x7fe59ae10de0_0, 0;
    %pushi/vec4 2, 0, 3;
    %assign/vec4 v0x7fe59ae10d30_0, 0;
    %pushi/vec4 15, 0, 4;
    %assign/vec4 v0x7fe59ae10a50_0, 0;
T_0.10 ;
    %load/vec4 v0x7fe59ae10d30_0;
    %pad/u 32;
    %cmpi/e 2, 0, 32;
    %jmp/0xz  T_0.12, 4;
    %load/vec4 v0x7fe59ae109b0_0;
    %load/vec4 v0x7fe59ae10a50_0;
    %part/u 1;
    %assign/vec4 v0x7fe59ae10de0_0, 0;
    %load/vec4 v0x7fe59ae10a50_0;
    %subi 1, 0, 4;
    %assign/vec4 v0x7fe59ae10a50_0, 0;
    %pushi/vec4 3, 0, 3;
    %assign/vec4 v0x7fe59ae10d30_0, 0;
T_0.12 ;
    %load/vec4 v0x7fe59ae10d30_0;
    %pad/u 32;
    %cmpi/e 3, 0, 32;
    %jmp/0xz  T_0.14, 4;
    %load/vec4 v0x7fe59ae109b0_0;
    %load/vec4 v0x7fe59ae10a50_0;
    %part/u 1;
    %assign/vec4 v0x7fe59ae10de0_0, 0;
    %pushi/vec4 1, 0, 32;
    %load/vec4 v0x7fe59ae10a50_0;
    %pad/u 32;
    %cmp/u;
    %flag_or 5, 4;
    %jmp/0xz  T_0.16, 5;
    %load/vec4 v0x7fe59ae10a50_0;
    %subi 1, 0, 4;
    %assign/vec4 v0x7fe59ae10a50_0, 0;
    %jmp T_0.17;
T_0.16 ;
    %pushi/vec4 4, 0, 3;
    %assign/vec4 v0x7fe59ae10d30_0, 0;
T_0.17 ;
T_0.14 ;
    %load/vec4 v0x7fe59ae10d30_0;
    %pad/u 32;
    %cmpi/e 4, 0, 32;
    %jmp/0xz  T_0.18, 4;
    %pushi/vec4 0, 0, 1;
    %assign/vec4 v0x7fe59ae10de0_0, 0;
    %pushi/vec4 0, 0, 3;
    %assign/vec4 v0x7fe59ae10d30_0, 0;
T_0.18 ;
    %load/vec4 v0x7fe59ae10c90_0;
    %nor/r;
    %load/vec4 v0x7fe59ae10bf0_0;
    %nor/r;
    %and;
    %flag_set/vec4 8;
    %jmp/0xz  T_0.20, 8;
    %pushi/vec4 1, 0, 1;
    %assign/vec4 v0x7fe59ae10c90_0, 0;
T_0.20 ;
    %load/vec4 v0x7fe59ae110d0_0;
    %nor/r;
    %load/vec4 v0x7fe59ae11030_0;
    %nor/r;
    %and;
    %flag_set/vec4 8;
    %jmp/0xz  T_0.22, 8;
    %pushi/vec4 1, 0, 1;
    %assign/vec4 v0x7fe59ae110d0_0, 0;
T_0.22 ;
T_0.1 ;
    %jmp T_0;
    .thread T_0;
# The file index is used to find the file name in the following table.
:file_names 3;
    "N/A";
    "<interactive>";
    "data_serializer.v";
